<?xml version="1.0" encoding="UTF-8"?>
<robot generator="Robot 6.1.1 (Python 3.12.0 on win32)" generated="20240426 12:52:37.606" rpa="false" schemaversion="4">
<suite id="s1" name="Tests" source="c:\Temp\TJTA330\uusirepo\osa3\login-robot\src\tests">
<suite id="s1-s1" name="Login" source="c:\Temp\TJTA330\uusirepo\osa3\login-robot\src\tests\login.robot">
<test id="s1-s1-t1" name="Login With Correct Credentials" line="6">
<kw name="Create User And Input Login Command" type="SETUP">
<kw name="Create User" library="AppLibrary">
<arg>kalle</arg>
<arg>kalle123</arg>
<status status="PASS" starttime="20240426 12:52:37.639" endtime="20240426 12:52:37.639"/>
</kw>
<kw name="Input Login Command" library="resource">
<kw name="Input" library="AppLibrary">
<arg>login</arg>
<status status="PASS" starttime="20240426 12:52:37.639" endtime="20240426 12:52:37.640"/>
</kw>
<status status="PASS" starttime="20240426 12:52:37.639" endtime="20240426 12:52:37.640"/>
</kw>
<status status="PASS" starttime="20240426 12:52:37.639" endtime="20240426 12:52:37.640"/>
</kw>
<kw name="Input Credentials" library="resource">
<arg>kalle</arg>
<arg>kalle123</arg>
<kw name="Input" library="AppLibrary">
<arg>${username}</arg>
<status status="PASS" starttime="20240426 12:52:37.640" endtime="20240426 12:52:37.640"/>
</kw>
<kw name="Input" library="AppLibrary">
<arg>${password}</arg>
<status status="PASS" starttime="20240426 12:52:37.640" endtime="20240426 12:52:37.640"/>
</kw>
<kw name="Run Application" library="AppLibrary">
<status status="PASS" starttime="20240426 12:52:37.641" endtime="20240426 12:52:37.641"/>
</kw>
<status status="PASS" starttime="20240426 12:52:37.640" endtime="20240426 12:52:37.641"/>
</kw>
<kw name="Output Should Contain" library="AppLibrary">
<arg>Logged in</arg>
<status status="PASS" starttime="20240426 12:52:37.641" endtime="20240426 12:52:37.641"/>
</kw>
<status status="PASS" starttime="20240426 12:52:37.639" endtime="20240426 12:52:37.641"/>
</test>
<test id="s1-s1-t2" name="Login With Incorrect Password" line="10">
<kw name="Create User And Input Login Command" type="SETUP">
<kw name="Create User" library="AppLibrary">
<arg>kalle</arg>
<arg>kalle123</arg>
<status status="PASS" starttime="20240426 12:52:37.643" endtime="20240426 12:52:37.643"/>
</kw>
<kw name="Input Login Command" library="resource">
<kw name="Input" library="AppLibrary">
<arg>login</arg>
<status status="PASS" starttime="20240426 12:52:37.643" endtime="20240426 12:52:37.643"/>
</kw>
<status status="PASS" starttime="20240426 12:52:37.643" endtime="20240426 12:52:37.643"/>
</kw>
<status status="PASS" starttime="20240426 12:52:37.643" endtime="20240426 12:52:37.643"/>
</kw>
<kw name="Input Credentials" library="resource">
<arg>kalle</arg>
<arg>kalle12</arg>
<kw name="Input" library="AppLibrary">
<arg>${username}</arg>
<status status="PASS" starttime="20240426 12:52:37.643" endtime="20240426 12:52:37.644"/>
</kw>
<kw name="Input" library="AppLibrary">
<arg>${password}</arg>
<status status="PASS" starttime="20240426 12:52:37.644" endtime="20240426 12:52:37.644"/>
</kw>
<kw name="Run Application" library="AppLibrary">
<status status="PASS" starttime="20240426 12:52:37.644" endtime="20240426 12:52:37.644"/>
</kw>
<status status="PASS" starttime="20240426 12:52:37.643" endtime="20240426 12:52:37.644"/>
</kw>
<kw name="Output Should Contain" library="AppLibrary">
<arg>Invalid username or password</arg>
<status status="PASS" starttime="20240426 12:52:37.644" endtime="20240426 12:52:37.644"/>
</kw>
<status status="PASS" starttime="20240426 12:52:37.642" endtime="20240426 12:52:37.645"/>
</test>
<test id="s1-s1-t3" name="Login With Nonexistent Username" line="14">
<kw name="Create User And Input Login Command" type="SETUP">
<kw name="Create User" library="AppLibrary">
<arg>kalle</arg>
<arg>kalle123</arg>
<status status="PASS" starttime="20240426 12:52:37.646" endtime="20240426 12:52:37.646"/>
</kw>
<kw name="Input Login Command" library="resource">
<kw name="Input" library="AppLibrary">
<arg>login</arg>
<status status="PASS" starttime="20240426 12:52:37.646" endtime="20240426 12:52:37.646"/>
</kw>
<status status="PASS" starttime="20240426 12:52:37.646" endtime="20240426 12:52:37.646"/>
</kw>
<status status="PASS" starttime="20240426 12:52:37.646" endtime="20240426 12:52:37.646"/>
</kw>
<kw name="Input Credentials" library="resource">
<arg>veeti</arg>
<arg>kalle123</arg>
<kw name="Input" library="AppLibrary">
<arg>${username}</arg>
<status status="PASS" starttime="20240426 12:52:37.647" endtime="20240426 12:52:37.647"/>
</kw>
<kw name="Input" library="AppLibrary">
<arg>${password}</arg>
<status status="PASS" starttime="20240426 12:52:37.647" endtime="20240426 12:52:37.647"/>
</kw>
<kw name="Run Application" library="AppLibrary">
<status status="PASS" starttime="20240426 12:52:37.647" endtime="20240426 12:52:37.647"/>
</kw>
<status status="PASS" starttime="20240426 12:52:37.646" endtime="20240426 12:52:37.647"/>
</kw>
<kw name="Output Should Contain" library="AppLibrary">
<arg>Invalid username or password</arg>
<status status="PASS" starttime="20240426 12:52:37.647" endtime="20240426 12:52:37.647"/>
</kw>
<status status="PASS" starttime="20240426 12:52:37.645" endtime="20240426 12:52:37.647"/>
</test>
<status status="PASS" starttime="20240426 12:52:37.628" endtime="20240426 12:52:37.648"/>
</suite>
<status status="PASS" starttime="20240426 12:52:37.608" endtime="20240426 12:52:37.649"/>
</suite>
<statistics>
<total>
<stat pass="3" fail="0" skip="0">All Tests</stat>
</total>
<tag>
</tag>
<suite>
<stat pass="3" fail="0" skip="0" id="s1" name="Tests">Tests</stat>
<stat pass="3" fail="0" skip="0" id="s1-s1" name="Login">Tests.Login</stat>
</suite>
</statistics>
<errors>
</errors>
</robot>
