<?xml version="1.0" encoding="UTF-8"?>
<robot generator="Robot 6.1.1 (Python 3.12.0 on win32)" generated="20240426 14:01:21.052" rpa="false" schemaversion="4">
<suite id="s1" name="Tests" source="c:\Temp\TJTA330\uusirepo\osa3\login-robot\src\tests">
<suite id="s1-s1" name="Login" source="c:\Temp\TJTA330\uusirepo\osa3\login-robot\src\tests\login.robot">
<test id="s1-s1-t1" name="Login With Correct Credentials" line="6">
<kw name="Create User And Input Login Command" type="SETUP">
<kw name="Create User" library="AppLibrary">
<arg>kalle</arg>
<arg>kalle123</arg>
<status status="PASS" starttime="20240426 14:01:21.085" endtime="20240426 14:01:21.085"/>
</kw>
<kw name="Input Login Command" library="resource">
<kw name="Input" library="AppLibrary">
<arg>login</arg>
<status status="PASS" starttime="20240426 14:01:21.085" endtime="20240426 14:01:21.085"/>
</kw>
<status status="PASS" starttime="20240426 14:01:21.085" endtime="20240426 14:01:21.085"/>
</kw>
<status status="PASS" starttime="20240426 14:01:21.084" endtime="20240426 14:01:21.085"/>
</kw>
<kw name="Input Credentials" library="resource">
<arg>kalle</arg>
<arg>kalle123</arg>
<kw name="Input" library="AppLibrary">
<arg>${username}</arg>
<status status="PASS" starttime="20240426 14:01:21.085" endtime="20240426 14:01:21.086"/>
</kw>
<kw name="Input" library="AppLibrary">
<arg>${password}</arg>
<status status="PASS" starttime="20240426 14:01:21.086" endtime="20240426 14:01:21.086"/>
</kw>
<kw name="Run Application" library="AppLibrary">
<status status="PASS" starttime="20240426 14:01:21.086" endtime="20240426 14:01:21.086"/>
</kw>
<status status="PASS" starttime="20240426 14:01:21.085" endtime="20240426 14:01:21.086"/>
</kw>
<kw name="Output Should Contain" library="AppLibrary">
<arg>Logged in</arg>
<status status="PASS" starttime="20240426 14:01:21.086" endtime="20240426 14:01:21.086"/>
</kw>
<status status="PASS" starttime="20240426 14:01:21.084" endtime="20240426 14:01:21.086"/>
</test>
<test id="s1-s1-t2" name="Login With Incorrect Password" line="10">
<kw name="Create User And Input Login Command" type="SETUP">
<kw name="Create User" library="AppLibrary">
<arg>kalle</arg>
<arg>kalle123</arg>
<status status="PASS" starttime="20240426 14:01:21.087" endtime="20240426 14:01:21.088"/>
</kw>
<kw name="Input Login Command" library="resource">
<kw name="Input" library="AppLibrary">
<arg>login</arg>
<status status="PASS" starttime="20240426 14:01:21.088" endtime="20240426 14:01:21.088"/>
</kw>
<status status="PASS" starttime="20240426 14:01:21.088" endtime="20240426 14:01:21.088"/>
</kw>
<status status="PASS" starttime="20240426 14:01:21.087" endtime="20240426 14:01:21.088"/>
</kw>
<kw name="Input Credentials" library="resource">
<arg>kalle</arg>
<arg>kalle12</arg>
<kw name="Input" library="AppLibrary">
<arg>${username}</arg>
<status status="PASS" starttime="20240426 14:01:21.088" endtime="20240426 14:01:21.088"/>
</kw>
<kw name="Input" library="AppLibrary">
<arg>${password}</arg>
<status status="PASS" starttime="20240426 14:01:21.089" endtime="20240426 14:01:21.089"/>
</kw>
<kw name="Run Application" library="AppLibrary">
<status status="PASS" starttime="20240426 14:01:21.089" endtime="20240426 14:01:21.089"/>
</kw>
<status status="PASS" starttime="20240426 14:01:21.088" endtime="20240426 14:01:21.089"/>
</kw>
<kw name="Output Should Contain" library="AppLibrary">
<arg>Invalid username or password</arg>
<status status="PASS" starttime="20240426 14:01:21.089" endtime="20240426 14:01:21.089"/>
</kw>
<status status="PASS" starttime="20240426 14:01:21.087" endtime="20240426 14:01:21.089"/>
</test>
<test id="s1-s1-t3" name="Login With Nonexistent Username" line="14">
<kw name="Create User And Input Login Command" type="SETUP">
<kw name="Create User" library="AppLibrary">
<arg>kalle</arg>
<arg>kalle123</arg>
<status status="PASS" starttime="20240426 14:01:21.091" endtime="20240426 14:01:21.091"/>
</kw>
<kw name="Input Login Command" library="resource">
<kw name="Input" library="AppLibrary">
<arg>login</arg>
<status status="PASS" starttime="20240426 14:01:21.092" endtime="20240426 14:01:21.092"/>
</kw>
<status status="PASS" starttime="20240426 14:01:21.091" endtime="20240426 14:01:21.092"/>
</kw>
<status status="PASS" starttime="20240426 14:01:21.091" endtime="20240426 14:01:21.092"/>
</kw>
<kw name="Input Credentials" library="resource">
<arg>veeti</arg>
<arg>kalle123</arg>
<kw name="Input" library="AppLibrary">
<arg>${username}</arg>
<status status="PASS" starttime="20240426 14:01:21.093" endtime="20240426 14:01:21.093"/>
</kw>
<kw name="Input" library="AppLibrary">
<arg>${password}</arg>
<status status="PASS" starttime="20240426 14:01:21.093" endtime="20240426 14:01:21.093"/>
</kw>
<kw name="Run Application" library="AppLibrary">
<status status="PASS" starttime="20240426 14:01:21.093" endtime="20240426 14:01:21.093"/>
</kw>
<status status="PASS" starttime="20240426 14:01:21.093" endtime="20240426 14:01:21.093"/>
</kw>
<kw name="Output Should Contain" library="AppLibrary">
<arg>Invalid username or password</arg>
<status status="PASS" starttime="20240426 14:01:21.093" endtime="20240426 14:01:21.093"/>
</kw>
<status status="PASS" starttime="20240426 14:01:21.091" endtime="20240426 14:01:21.094"/>
</test>
<status status="PASS" starttime="20240426 14:01:21.073" endtime="20240426 14:01:21.095"/>
</suite>
<suite id="s1-s2" name="Register" source="c:\Temp\TJTA330\uusirepo\osa3\login-robot\src\tests\register.robot">
<test id="s1-s2-t1" name="Register With Valid Username And Password" line="6">
<kw name="Create User And Input Register Command" type="SETUP">
<kw name="Create User" library="AppLibrary">
<arg>kalle</arg>
<arg>kalle123</arg>
<status status="PASS" starttime="20240426 14:01:21.100" endtime="20240426 14:01:21.100"/>
</kw>
<kw name="Input Register Command" library="resource">
<kw name="Input" library="AppLibrary">
<arg>new</arg>
<status status="PASS" starttime="20240426 14:01:21.101" endtime="20240426 14:01:21.101"/>
</kw>
<status status="PASS" starttime="20240426 14:01:21.101" endtime="20240426 14:01:21.101"/>
</kw>
<status status="PASS" starttime="20240426 14:01:21.100" endtime="20240426 14:01:21.101"/>
</kw>
<kw name="Input Credentials" library="resource">
<arg>tiina</arg>
<arg>tiina123</arg>
<kw name="Input" library="AppLibrary">
<arg>${username}</arg>
<status status="PASS" starttime="20240426 14:01:21.101" endtime="20240426 14:01:21.101"/>
</kw>
<kw name="Input" library="AppLibrary">
<arg>${password}</arg>
<status status="PASS" starttime="20240426 14:01:21.101" endtime="20240426 14:01:21.101"/>
</kw>
<kw name="Run Application" library="AppLibrary">
<status status="PASS" starttime="20240426 14:01:21.101" endtime="20240426 14:01:21.101"/>
</kw>
<status status="PASS" starttime="20240426 14:01:21.101" endtime="20240426 14:01:21.102"/>
</kw>
<kw name="Output Should Contain" library="AppLibrary">
<arg>New user registered</arg>
<status status="PASS" starttime="20240426 14:01:21.102" endtime="20240426 14:01:21.102"/>
</kw>
<status status="PASS" starttime="20240426 14:01:21.100" endtime="20240426 14:01:21.102"/>
</test>
<test id="s1-s2-t2" name="Register With Already Taken Username And Valid Password" line="10">
<kw name="Create User And Input Register Command" type="SETUP">
<kw name="Create User" library="AppLibrary">
<arg>kalle</arg>
<arg>kalle123</arg>
<status status="PASS" starttime="20240426 14:01:21.104" endtime="20240426 14:01:21.104"/>
</kw>
<kw name="Input Register Command" library="resource">
<kw name="Input" library="AppLibrary">
<arg>new</arg>
<status status="PASS" starttime="20240426 14:01:21.104" endtime="20240426 14:01:21.104"/>
</kw>
<status status="PASS" starttime="20240426 14:01:21.104" endtime="20240426 14:01:21.104"/>
</kw>
<status status="PASS" starttime="20240426 14:01:21.104" endtime="20240426 14:01:21.104"/>
</kw>
<kw name="Input Credentials" library="resource">
<arg>kalle</arg>
<arg>kalle123</arg>
<kw name="Input" library="AppLibrary">
<arg>${username}</arg>
<status status="PASS" starttime="20240426 14:01:21.105" endtime="20240426 14:01:21.105"/>
</kw>
<kw name="Input" library="AppLibrary">
<arg>${password}</arg>
<status status="PASS" starttime="20240426 14:01:21.105" endtime="20240426 14:01:21.105"/>
</kw>
<kw name="Run Application" library="AppLibrary">
<status status="PASS" starttime="20240426 14:01:21.105" endtime="20240426 14:01:21.105"/>
</kw>
<status status="PASS" starttime="20240426 14:01:21.105" endtime="20240426 14:01:21.105"/>
</kw>
<kw name="Output Should Contain" library="AppLibrary">
<arg>User with username kalle already exists</arg>
<status status="PASS" starttime="20240426 14:01:21.105" endtime="20240426 14:01:21.106"/>
</kw>
<status status="PASS" starttime="20240426 14:01:21.103" endtime="20240426 14:01:21.106"/>
</test>
<test id="s1-s2-t3" name="Register With Too Short Username And Valid Password" line="14">
<kw name="Create User And Input Register Command" type="SETUP">
<kw name="Create User" library="AppLibrary">
<arg>kalle</arg>
<arg>kalle123</arg>
<status status="PASS" starttime="20240426 14:01:21.107" endtime="20240426 14:01:21.107"/>
</kw>
<kw name="Input Register Command" library="resource">
<kw name="Input" library="AppLibrary">
<arg>new</arg>
<status status="PASS" starttime="20240426 14:01:21.107" endtime="20240426 14:01:21.107"/>
</kw>
<status status="PASS" starttime="20240426 14:01:21.107" endtime="20240426 14:01:21.107"/>
</kw>
<status status="PASS" starttime="20240426 14:01:21.107" endtime="20240426 14:01:21.108"/>
</kw>
<kw name="Input Credentials" library="resource">
<arg>ka</arg>
<arg>kalle123</arg>
<kw name="Input" library="AppLibrary">
<arg>${username}</arg>
<status status="PASS" starttime="20240426 14:01:21.109" endtime="20240426 14:01:21.109"/>
</kw>
<kw name="Input" library="AppLibrary">
<arg>${password}</arg>
<status status="PASS" starttime="20240426 14:01:21.109" endtime="20240426 14:01:21.109"/>
</kw>
<kw name="Run Application" library="AppLibrary">
<status status="PASS" starttime="20240426 14:01:21.109" endtime="20240426 14:01:21.109"/>
</kw>
<status status="PASS" starttime="20240426 14:01:21.108" endtime="20240426 14:01:21.109"/>
</kw>
<kw name="Output Should Contain" library="AppLibrary">
<arg>Username must contain at least 3 characters</arg>
<status status="PASS" starttime="20240426 14:01:21.109" endtime="20240426 14:01:21.110"/>
</kw>
<status status="PASS" starttime="20240426 14:01:21.107" endtime="20240426 14:01:21.110"/>
</test>
<test id="s1-s2-t4" name="Register With Enough Long But Invalid Username And Valid Password" line="18">
<kw name="Create User And Input Register Command" type="SETUP">
<kw name="Create User" library="AppLibrary">
<arg>kalle</arg>
<arg>kalle123</arg>
<status status="PASS" starttime="20240426 14:01:21.111" endtime="20240426 14:01:21.111"/>
</kw>
<kw name="Input Register Command" library="resource">
<kw name="Input" library="AppLibrary">
<arg>new</arg>
<status status="PASS" starttime="20240426 14:01:21.112" endtime="20240426 14:01:21.112"/>
</kw>
<status status="PASS" starttime="20240426 14:01:21.111" endtime="20240426 14:01:21.112"/>
</kw>
<status status="PASS" starttime="20240426 14:01:21.111" endtime="20240426 14:01:21.112"/>
</kw>
<kw name="Input Credentials" library="resource">
<arg>kalle3</arg>
<arg>kalle123</arg>
<kw name="Input" library="AppLibrary">
<arg>${username}</arg>
<status status="PASS" starttime="20240426 14:01:21.112" endtime="20240426 14:01:21.112"/>
</kw>
<kw name="Input" library="AppLibrary">
<arg>${password}</arg>
<status status="PASS" starttime="20240426 14:01:21.112" endtime="20240426 14:01:21.112"/>
</kw>
<kw name="Run Application" library="AppLibrary">
<status status="PASS" starttime="20240426 14:01:21.112" endtime="20240426 14:01:21.113"/>
</kw>
<status status="PASS" starttime="20240426 14:01:21.112" endtime="20240426 14:01:21.113"/>
</kw>
<kw name="Output Should Contain" library="AppLibrary">
<arg>Username can contain only letters</arg>
<status status="PASS" starttime="20240426 14:01:21.113" endtime="20240426 14:01:21.113"/>
</kw>
<status status="PASS" starttime="20240426 14:01:21.111" endtime="20240426 14:01:21.113"/>
</test>
<test id="s1-s2-t5" name="Register With Valid Username And Too Short Password" line="22">
<kw name="Create User And Input Register Command" type="SETUP">
<kw name="Create User" library="AppLibrary">
<arg>kalle</arg>
<arg>kalle123</arg>
<status status="PASS" starttime="20240426 14:01:21.114" endtime="20240426 14:01:21.114"/>
</kw>
<kw name="Input Register Command" library="resource">
<kw name="Input" library="AppLibrary">
<arg>new</arg>
<status status="PASS" starttime="20240426 14:01:21.114" endtime="20240426 14:01:21.114"/>
</kw>
<status status="PASS" starttime="20240426 14:01:21.114" endtime="20240426 14:01:21.114"/>
</kw>
<status status="PASS" starttime="20240426 14:01:21.114" endtime="20240426 14:01:21.114"/>
</kw>
<kw name="Input Credentials" library="resource">
<arg>kalle</arg>
<arg>kalle</arg>
<kw name="Input" library="AppLibrary">
<arg>${username}</arg>
<status status="PASS" starttime="20240426 14:01:21.115" endtime="20240426 14:01:21.115"/>
</kw>
<kw name="Input" library="AppLibrary">
<arg>${password}</arg>
<status status="PASS" starttime="20240426 14:01:21.115" endtime="20240426 14:01:21.115"/>
</kw>
<kw name="Run Application" library="AppLibrary">
<status status="PASS" starttime="20240426 14:01:21.115" endtime="20240426 14:01:21.115"/>
</kw>
<status status="PASS" starttime="20240426 14:01:21.115" endtime="20240426 14:01:21.115"/>
</kw>
<kw name="Output Should Contain" library="AppLibrary">
<arg>Password must contain at least 8 characters</arg>
<status status="PASS" starttime="20240426 14:01:21.115" endtime="20240426 14:01:21.115"/>
</kw>
<status status="PASS" starttime="20240426 14:01:21.114" endtime="20240426 14:01:21.116"/>
</test>
<test id="s1-s2-t6" name="Register With Valid Username And Long Enough Password Containing Only Letters" line="26">
<kw name="Create User And Input Register Command" type="SETUP">
<kw name="Create User" library="AppLibrary">
<arg>kalle</arg>
<arg>kalle123</arg>
<status status="PASS" starttime="20240426 14:01:21.117" endtime="20240426 14:01:21.117"/>
</kw>
<kw name="Input Register Command" library="resource">
<kw name="Input" library="AppLibrary">
<arg>new</arg>
<status status="PASS" starttime="20240426 14:01:21.118" endtime="20240426 14:01:21.118"/>
</kw>
<status status="PASS" starttime="20240426 14:01:21.118" endtime="20240426 14:01:21.118"/>
</kw>
<status status="PASS" starttime="20240426 14:01:21.117" endtime="20240426 14:01:21.118"/>
</kw>
<kw name="Input Credentials" library="resource">
<arg>kalle</arg>
<arg>kallekoi</arg>
<kw name="Input" library="AppLibrary">
<arg>${username}</arg>
<status status="PASS" starttime="20240426 14:01:21.118" endtime="20240426 14:01:21.118"/>
</kw>
<kw name="Input" library="AppLibrary">
<arg>${password}</arg>
<status status="PASS" starttime="20240426 14:01:21.118" endtime="20240426 14:01:21.118"/>
</kw>
<kw name="Run Application" library="AppLibrary">
<status status="PASS" starttime="20240426 14:01:21.118" endtime="20240426 14:01:21.118"/>
</kw>
<status status="PASS" starttime="20240426 14:01:21.118" endtime="20240426 14:01:21.119"/>
</kw>
<kw name="Output Should Contain" library="AppLibrary">
<arg>Password must contain at least 1 character that isn't a letter</arg>
<status status="PASS" starttime="20240426 14:01:21.119" endtime="20240426 14:01:21.119"/>
</kw>
<status status="PASS" starttime="20240426 14:01:21.117" endtime="20240426 14:01:21.119"/>
</test>
<status status="PASS" starttime="20240426 14:01:21.096" endtime="20240426 14:01:21.120"/>
</suite>
<status status="PASS" starttime="20240426 14:01:21.054" endtime="20240426 14:01:21.121"/>
</suite>
<statistics>
<total>
<stat pass="9" fail="0" skip="0">All Tests</stat>
</total>
<tag>
</tag>
<suite>
<stat pass="9" fail="0" skip="0" id="s1" name="Tests">Tests</stat>
<stat pass="3" fail="0" skip="0" id="s1-s1" name="Login">Tests.Login</stat>
<stat pass="6" fail="0" skip="0" id="s1-s2" name="Register">Tests.Register</stat>
</suite>
</statistics>
<errors>
</errors>
</robot>
